\BOOKMARK [1][-]{section*.1}{\376\377\000A\000b\000s\000t\000r\000a\000c\000t}{}% 1
\BOOKMARK [1][-]{section.1}{\376\377\0001\000\040\000I\000n\000t\000r\000o\000d\000u\000c\000t\000i\000o\000n}{}% 2
\BOOKMARK [1][-]{section.2}{\376\377\0002\000\040\000R\000e\000l\000a\000t\000e\000d\000w\000o\000r\000k}{}% 3
\BOOKMARK [1][-]{section.3}{\376\377\0003\000\040\000B\000a\000c\000k\000g\000r\000o\000u\000n\000d}{}% 4
\BOOKMARK [1][-]{section.4}{\376\377\0004\000\040\000D\000e\000e\000p\000\040\000I\000n\000t\000e\000r\000e\000s\000t\000\040\000N\000e\000t\000w\000o\000r\000k}{}% 5
\BOOKMARK [2][-]{subsection.4.1}{\376\377\0004\000.\0001\000\040\000F\000e\000a\000t\000u\000r\000e\000\040\000R\000e\000p\000r\000e\000s\000e\000n\000t\000a\000t\000i\000o\000n}{section.4}% 6
\BOOKMARK [2][-]{subsection.4.2}{\376\377\0004\000.\0002\000\040\000B\000a\000s\000e\000\040\000M\000o\000d\000e\000l\000\050\000E\000m\000b\000e\000d\000d\000i\000n\000g\000\046\000M\000L\000P\000\051}{section.4}% 7
\BOOKMARK [2][-]{subsection.4.3}{\376\377\0004\000.\0003\000\040\000T\000h\000e\000\040\000s\000t\000r\000u\000c\000t\000u\000r\000e\000\040\000o\000f\000\040\000D\000e\000e\000p\000\040\000I\000n\000t\000e\000r\000e\000s\000t\000\040\000N\000e\000t\000w\000o\000r\000k}{section.4}% 8
\BOOKMARK [1][-]{section.5}{\376\377\0005\000\040\000T\000r\000a\000i\000n\000i\000n\000g\000\040\000T\000e\000c\000h\000n\000i\000q\000u\000e\000s}{}% 9
\BOOKMARK [2][-]{subsection.5.1}{\376\377\0005\000.\0001\000\040\000M\000i\000n\000i\000-\000b\000a\000t\000c\000h\000\040\000A\000w\000a\000r\000e\000\040\000R\000e\000g\000u\000l\000a\000r\000i\000z\000a\000t\000i\000o\000n}{section.5}% 10
\BOOKMARK [2][-]{subsection.5.2}{\376\377\0005\000.\0002\000\040\000D\000a\000t\000a\000\040\000A\000d\000a\000p\000t\000i\000v\000e\000\040\000A\000c\000t\000i\000v\000a\000t\000i\000o\000n\000\040\000F\000u\000n\000c\000t\000i\000o\000n}{section.5}% 11
\BOOKMARK [1][-]{section.6}{\376\377\0006\000\040\000E\000x\000p\000e\000r\000i\000m\000e\000n\000t\000s}{}% 12
\BOOKMARK [2][-]{subsection.6.1}{\376\377\0006\000.\0001\000\040\000D\000a\000t\000a\000s\000e\000t\000s\000\040\000a\000n\000d\000\040\000E\000x\000p\000e\000r\000i\000m\000e\000n\000t\000a\000l\000\040\000S\000e\000t\000u\000p}{section.6}% 13
\BOOKMARK [2][-]{subsection.6.2}{\376\377\0006\000.\0002\000\040\000C\000o\000m\000p\000e\000t\000i\000t\000o\000r\000s}{section.6}% 14
\BOOKMARK [2][-]{subsection.6.3}{\376\377\0006\000.\0003\000\040\000M\000e\000t\000r\000i\000c\000s}{section.6}% 15
\BOOKMARK [2][-]{subsection.6.4}{\376\377\0006\000.\0004\000\040\000R\000e\000s\000u\000l\000t\000\040\000f\000r\000o\000m\000\040\000m\000o\000d\000e\000l\000\040\000c\000o\000m\000p\000a\000r\000i\000s\000o\000n\000\040\000o\000n\000\040\000A\000m\000a\000z\000o\000n\000\040\000D\000a\000t\000a\000s\000e\000t\000\040\000a\000n\000d\000\040\000M\000o\000v\000i\000e\000L\000e\000n\000s\000\040\000D\000a\000t\000a\000s\000e\000t}{section.6}% 16
\BOOKMARK [2][-]{subsection.6.5}{\376\377\0006\000.\0005\000\040\000P\000e\000r\000f\000o\000r\000m\000a\000n\000c\000e\000\040\000o\000f\000\040\000r\000e\000g\000u\000l\000a\000r\000i\000z\000a\000t\000i\000o\000n}{section.6}% 17
\BOOKMARK [2][-]{subsection.6.6}{\376\377\0006\000.\0006\000\040\000R\000e\000s\000u\000l\000t\000\040\000f\000r\000o\000m\000\040\000m\000o\000d\000e\000l\000\040\000c\000o\000m\000p\000a\000r\000i\000s\000o\000n\000\040\000o\000n\000\040\000A\000l\000i\000b\000a\000b\000a\000\040\000D\000a\000t\000a\000s\000e\000t}{section.6}% 18
\BOOKMARK [2][-]{subsection.6.7}{\376\377\0006\000.\0007\000\040\000R\000e\000s\000u\000l\000t\000\040\000f\000r\000o\000m\000\040\000o\000n\000l\000i\000n\000e\000\040\000A\000/\000B\000\040\000t\000e\000s\000t\000i\000n\000g}{section.6}% 19
\BOOKMARK [2][-]{subsection.6.8}{\376\377\0006\000.\0008\000\040\000V\000i\000s\000u\000a\000l\000i\000z\000a\000t\000i\000o\000n\000\040\000o\000f\000\040\000D\000I\000N}{section.6}% 20
\BOOKMARK [1][-]{section.7}{\376\377\0007\000\040\000C\000o\000n\000c\000l\000u\000s\000i\000o\000n\000s}{}% 21
\BOOKMARK [1][-]{section*.25}{\376\377\000R\000e\000f\000e\000r\000e\000n\000c\000e\000s}{}% 22
