\BOOKMARK [1][-]{section.1}{Introduction}{}% 1
\BOOKMARK [1][-]{section.2}{Background}{}% 2
\BOOKMARK [2][-]{subsection.2.1}{Attention and content-based addressing}{section.2}% 3
\BOOKMARK [2][-]{subsection.2.2}{Memory Networks}{section.2}% 4
\BOOKMARK [2][-]{subsection.2.3}{Neural Turing Machine}{section.2}% 5
\BOOKMARK [1][-]{section.3}{Architecture}{}% 6
\BOOKMARK [2][-]{subsection.3.1}{Read}{section.3}% 7
\BOOKMARK [2][-]{subsection.3.2}{Write}{section.3}% 8
\BOOKMARK [2][-]{subsection.3.3}{Controller}{section.3}% 9
\BOOKMARK [2][-]{subsection.3.4}{Efficient backpropagation through time}{section.3}% 10
\BOOKMARK [2][-]{subsection.3.5}{Approximate nearest neighbors}{section.3}% 11
\BOOKMARK [1][-]{section.4}{Results}{}% 12
\BOOKMARK [2][-]{subsection.4.1}{Speed and memory benchmarks}{section.4}% 13
\BOOKMARK [2][-]{subsection.4.2}{Learning with sparse memory access}{section.4}% 14
\BOOKMARK [2][-]{subsection.4.3}{Scaling with a curriculum}{section.4}% 15
\BOOKMARK [2][-]{subsection.4.4}{Question answering on the Babi tasks}{section.4}% 16
\BOOKMARK [2][-]{subsection.4.5}{Learning on real world data}{section.4}% 17
\BOOKMARK [1][-]{section.5}{Discussion}{}% 18
\BOOKMARK [1][-]{appendix.A}{Time and space complexity}{}% 19
\BOOKMARK [2][-]{subsection.A.1}{Initialization}{appendix.A}% 20
\BOOKMARK [2][-]{subsection.A.2}{Read}{appendix.A}% 21
\BOOKMARK [2][-]{subsection.A.3}{Write}{appendix.A}% 22
\BOOKMARK [2][-]{subsection.A.4}{Content-based addressing}{appendix.A}% 23
\BOOKMARK [1][-]{appendix.B}{Control flow}{}% 24
\BOOKMARK [1][-]{appendix.C}{Training details}{}% 25
\BOOKMARK [1][-]{appendix.D}{Sparse Differentiable Neural Computer}{}% 26
\BOOKMARK [2][-]{subsection.D.1}{Architecture}{appendix.D}% 27
\BOOKMARK [2][-]{subsection.D.2}{Results}{appendix.D}% 28
\BOOKMARK [1][-]{appendix.E}{Benchmarking details}{}% 29
\BOOKMARK [1][-]{appendix.F}{Generalization on associative recall}{}% 30
\BOOKMARK [1][-]{appendix.G}{Babi results}{}% 31
